C51 COMPILER V9.60.0.0   INTERRUPTS                                                        06/24/2024 22:58:16 PAGE 1   


C51 COMPILER V9.60.0.0, COMPILATION OF MODULE INTERRUPTS
OBJECT MODULE PLACED IN .\src\Interrupts.OBJ
COMPILER INVOKED BY: C:\SiliconLabs\SimplicityStudio\v5_3\developer\toolchains\keil_8051\9.60\BIN\C51.exe C:\src\Tennp\G
                    -it\datouboss2000w_silent_cooler\Firmware\src\Interrupts.c OMF2 SMALL DEBUG OBJECTEXTEND ROM(LARGE) WARNINGLEVEL(2) FLOAT
                    -FUZZY(3) OPTIMIZE(8,SPEED) INTVECTOR(0X0000) INTPROMOTE INCDIR(C:\src\Tennp\Git\datouboss2000w_silent_cooler\Firmware\in
                    -c;C:/SiliconLabs/SimplicityStudio/v5_3/developer/sdks/8051/v4.2.3//Device/shared/si8051Base;C:/SiliconLabs/SimplicityStu
                    -dio/v5_3/developer/sdks/8051/v4.2.3//Device/EFM8BB2/inc) PRINT(.\src\Interrupts.lst) COND PAGEWIDTH(120) PAGELENGTH(65) 
                    -OBJECT(.\src\Interrupts.OBJ)

line level    source

   1          //#pragma src
   2          //=========================================================
   3          // src/Interrupts.c: generated by Hardware Configurator
   4          //
   5          // This file will be regenerated when saving a document.
   6          // leave the sections inside the "$[...]" comment tags alone
   7          // or they will be overwritten!!
   8          //=========================================================
   9          
  10          // USER INCLUDES
  11          #include "main.h"
  12          
  13          
  14          //-----------------------------------------------------------------------------
  15          // TIMER4_ISR
  16          //-----------------------------------------------------------------------------
  17          //
  18          // TIMER4 ISR Content goes here. Remember to clear flag bits:
  19          // TMR4CN0::TF4H (Timer # High Byte Overflow Flag)
  20          // TMR4CN0::TF4L (Timer # Low Byte Overflow Flag)
  21          //
  22          //-----------------------------------------------------------------------------
  23          SI_INTERRUPT (TIMER4_ISR, TIMER4_IRQn)
  24            {
  25   1        TMR4CN0_TF4H = 0;
  26   1      
  27   1        }
  28          


MODULE INFORMATION:   STATIC OVERLAYABLE
   CODE SIZE        =      6    ----
   CONSTANT SIZE    =   ----    ----
   XDATA SIZE       =   ----    ----
   PDATA SIZE       =   ----    ----
   DATA SIZE        =   ----    ----
   IDATA SIZE       =   ----    ----
   BIT SIZE         =   ----    ----
   EDATA SIZE       =   ----    ----
   HDATA SIZE       =   ----    ----
   XDATA CONST SIZE =   ----    ----
   FAR CONST SIZE   =   ----    ----
END OF MODULE INFORMATION.


C51 COMPILATION COMPLETE.  0 WARNING(S),  0 ERROR(S)
